[2019-12-30 09:10:27] DEBUG cn.jbolt.base.JBoltSlf4jLog 44 debug - 
JFinal-4.8 action report -------- 2019-12-30 09:10:27 --------------------------
Url         : GET /
Controller  : cn.jbolt.index.IndexController.(IndexController.java:1)
Method      : index
Interceptor : com.jfinal.ext.interceptor.SessionInViewInterceptor.(SessionInViewInterceptor.java:1)
              cn.jbolt.index.PjaxInterceptor.(PjaxInterceptor.java:1)
              cn.jbolt.index.AjaxPortalInterceptor.(AjaxPortalInterceptor.java:1)
              cn.jbolt.base.JBoltNoUrlPara.(JBoltNoUrlPara.java:1)
--------------------------------------------------------------------------------

[2019-12-30 09:10:27] DEBUG cn.jbolt.base.JBoltSlf4jLog 44 debug - 
JFinal-4.8 action report -------- 2019-12-30 09:10:27 --------------------------
Url         : GET /admin
Controller  : cn.jbolt.index.AdminIndexController.(AdminIndexController.java:1)
Method      : index
Interceptor : com.jfinal.ext.interceptor.SessionInViewInterceptor.(SessionInViewInterceptor.java:1)
              cn.jbolt.index.PjaxInterceptor.(PjaxInterceptor.java:1)
              cn.jbolt.index.AjaxPortalInterceptor.(AjaxPortalInterceptor.java:1)
              cn.jbolt._admin.interceptor.AdminAuthInterceptor.(AdminAuthInterceptor.java:1)
              cn.jbolt.base.JBoltNoUrlPara.(JBoltNoUrlPara.java:1)
--------------------------------------------------------------------------------

[2019-12-30 09:10:27] DEBUG cn.jbolt.base.JBoltSlf4jLog 44 debug - 
JFinal-4.8 action report -------- 2019-12-30 09:10:27 --------------------------
Url         : GET /admin/tologin
Controller  : cn.jbolt.index.AdminIndexController.(AdminIndexController.java:1)
Method      : tologin
--------------------------------------------------------------------------------

[2019-12-30 09:10:28] DEBUG cn.jbolt.base.JBoltSlf4jLog 44 debug - 
JFinal-4.8 action report -------- 2019-12-30 09:10:28 --------------------------
Url         : GET /admin/captcha
Controller  : cn.jbolt.index.AdminIndexController.(AdminIndexController.java:1)
Method      : captcha
--------------------------------------------------------------------------------

[2019-12-30 09:10:36] DEBUG cn.jbolt.base.JBoltSlf4jLog 44 debug - 
JFinal-4.8 action report -------- 2019-12-30 09:10:36 --------------------------
Url         : POST /admin/login
Controller  : cn.jbolt.index.AdminIndexController.(AdminIndexController.java:1)
Method      : login
Parameter   : password=123456  captcha=5xp5  username=admin  
--------------------------------------------------------------------------------

[2019-12-30 09:10:37] DEBUG cn.jbolt.base.JBoltSlf4jLog 44 debug - 
JFinal-4.8 action report -------- 2019-12-30 09:10:37 --------------------------
Url         : GET /admin
Controller  : cn.jbolt.index.AdminIndexController.(AdminIndexController.java:1)
Method      : index
Interceptor : com.jfinal.ext.interceptor.SessionInViewInterceptor.(SessionInViewInterceptor.java:1)
              cn.jbolt.index.PjaxInterceptor.(PjaxInterceptor.java:1)
              cn.jbolt.index.AjaxPortalInterceptor.(AjaxPortalInterceptor.java:1)
              cn.jbolt._admin.interceptor.AdminAuthInterceptor.(AdminAuthInterceptor.java:1)
              cn.jbolt.base.JBoltNoUrlPara.(JBoltNoUrlPara.java:1)
--------------------------------------------------------------------------------

[2019-12-30 09:10:37] DEBUG cn.jbolt.base.JBoltSlf4jLog 44 debug - 
JFinal-4.8 action report -------- 2019-12-30 09:10:37 --------------------------
Url         : GET /admin/dashboard
Controller  : cn.jbolt.index.AdminIndexController.(AdminIndexController.java:1)
Method      : dashboard
Interceptor : com.jfinal.ext.interceptor.SessionInViewInterceptor.(SessionInViewInterceptor.java:1)
              cn.jbolt.index.PjaxInterceptor.(PjaxInterceptor.java:1)
              cn.jbolt.index.AjaxPortalInterceptor.(AjaxPortalInterceptor.java:1)
              cn.jbolt._admin.interceptor.AdminAuthInterceptor.(AdminAuthInterceptor.java:1)
Parameter   : t=1577668237971  
--------------------------------------------------------------------------------

[2019-12-30 09:10:47] DEBUG cn.jbolt.base.JBoltSlf4jLog 44 debug - 
JFinal-4.8 action report -------- 2019-12-30 09:10:47 --------------------------
Url         : GET /admin/supplymanage
Controller  : cn.jbolt._admin.supplymanage.SupplyManageAdminController.(SupplyManageAdminController.java:1)
Method      : index
Interceptor : com.jfinal.ext.interceptor.SessionInViewInterceptor.(SessionInViewInterceptor.java:1)
              cn.jbolt.index.PjaxInterceptor.(PjaxInterceptor.java:1)
              cn.jbolt.index.AjaxPortalInterceptor.(AjaxPortalInterceptor.java:1)
              cn.jbolt._admin.interceptor.AdminAuthInterceptor.(AdminAuthInterceptor.java:1)
Parameter   : t=1577668247070  
--------------------------------------------------------------------------------

[2019-12-30 09:12:45] DEBUG cn.jbolt.base.JBoltSlf4jLog 44 debug - 
JFinal-4.8 action report -------- 2019-12-30 09:12:45 --------------------------
Url         : GET /admin
Controller  : cn.jbolt.index.AdminIndexController.(AdminIndexController.java:1)
Method      : index
Interceptor : com.jfinal.ext.interceptor.SessionInViewInterceptor.(SessionInViewInterceptor.java:1)
              cn.jbolt.index.PjaxInterceptor.(PjaxInterceptor.java:1)
              cn.jbolt.index.AjaxPortalInterceptor.(AjaxPortalInterceptor.java:1)
              cn.jbolt._admin.interceptor.AdminAuthInterceptor.(AdminAuthInterceptor.java:1)
              cn.jbolt.base.JBoltNoUrlPara.(JBoltNoUrlPara.java:1)
--------------------------------------------------------------------------------

[2019-12-30 09:12:46] DEBUG cn.jbolt.base.JBoltSlf4jLog 44 debug - 
JFinal-4.8 action report -------- 2019-12-30 09:12:46 --------------------------
Url         : GET /admin/dashboard
Controller  : cn.jbolt.index.AdminIndexController.(AdminIndexController.java:1)
Method      : dashboard
Interceptor : com.jfinal.ext.interceptor.SessionInViewInterceptor.(SessionInViewInterceptor.java:1)
              cn.jbolt.index.PjaxInterceptor.(PjaxInterceptor.java:1)
              cn.jbolt.index.AjaxPortalInterceptor.(AjaxPortalInterceptor.java:1)
              cn.jbolt._admin.interceptor.AdminAuthInterceptor.(AdminAuthInterceptor.java:1)
Parameter   : t=1577668366353  
--------------------------------------------------------------------------------

[2019-12-30 09:12:48] DEBUG cn.jbolt.base.JBoltSlf4jLog 44 debug - 
JFinal-4.8 action report -------- 2019-12-30 09:12:48 --------------------------
Url         : GET /admin/supplymanage
Controller  : cn.jbolt._admin.supplymanage.SupplyManageAdminController.(SupplyManageAdminController.java:1)
Method      : index
Interceptor : com.jfinal.ext.interceptor.SessionInViewInterceptor.(SessionInViewInterceptor.java:1)
              cn.jbolt.index.PjaxInterceptor.(PjaxInterceptor.java:1)
              cn.jbolt.index.AjaxPortalInterceptor.(AjaxPortalInterceptor.java:1)
              cn.jbolt._admin.interceptor.AdminAuthInterceptor.(AdminAuthInterceptor.java:1)
Parameter   : t=1577668368181  
--------------------------------------------------------------------------------

[2019-12-30 09:12:57] DEBUG cn.jbolt.base.JBoltSlf4jLog 44 debug - 
JFinal-4.8 action report -------- 2019-12-30 09:12:57 --------------------------
Url         : POST /admin/supplymanage/uploadExcel
Controller  : cn.jbolt._admin.supplymanage.SupplyManageAdminController.(SupplyManageAdminController.java:1)
Method      : uploadExcel
Interceptor : com.jfinal.ext.interceptor.SessionInViewInterceptor.(SessionInViewInterceptor.java:1)
              cn.jbolt.index.PjaxInterceptor.(PjaxInterceptor.java:1)
              cn.jbolt.index.AjaxPortalInterceptor.(AjaxPortalInterceptor.java:1)
              cn.jbolt._admin.interceptor.AdminAuthInterceptor.(AdminAuthInterceptor.java:1)
--------------------------------------------------------------------------------

[2019-12-30 10:14:32] DEBUG cn.jbolt.base.JBoltSlf4jLog 44 debug - 
JFinal-4.8 action report -------- 2019-12-30 10:14:32 --------------------------
Url         : POST /admin/supplymanage/uploadExcel
Controller  : cn.jbolt._admin.supplymanage.SupplyManageAdminController.(SupplyManageAdminController.java:1)
Method      : uploadExcel
Interceptor : com.jfinal.ext.interceptor.SessionInViewInterceptor.(SessionInViewInterceptor.java:1)
              cn.jbolt.index.PjaxInterceptor.(PjaxInterceptor.java:1)
              cn.jbolt.index.AjaxPortalInterceptor.(AjaxPortalInterceptor.java:1)
              cn.jbolt._admin.interceptor.AdminAuthInterceptor.(AdminAuthInterceptor.java:1)
--------------------------------------------------------------------------------

[2019-12-30 10:30:32] DEBUG cn.jbolt.base.JBoltSlf4jLog 44 debug - 
JFinal-4.8 action report -------- 2019-12-30 10:30:32 --------------------------
Url         : POST /admin/supplymanage/uploadExcel
Controller  : cn.jbolt._admin.supplymanage.SupplyManageAdminController.(SupplyManageAdminController.java:1)
Method      : uploadExcel
Interceptor : com.jfinal.ext.interceptor.SessionInViewInterceptor.(SessionInViewInterceptor.java:1)
              cn.jbolt.index.PjaxInterceptor.(PjaxInterceptor.java:1)
              cn.jbolt.index.AjaxPortalInterceptor.(AjaxPortalInterceptor.java:1)
              cn.jbolt._admin.interceptor.AdminAuthInterceptor.(AdminAuthInterceptor.java:1)
--------------------------------------------------------------------------------

[2019-12-30 10:45:05] DEBUG cn.jbolt.base.JBoltSlf4jLog 44 debug - 
JFinal-4.8 action report -------- 2019-12-30 10:45:05 --------------------------
Url         : POST /admin/supplymanage/uploadExcel
Controller  : cn.jbolt._admin.supplymanage.SupplyManageAdminController.(SupplyManageAdminController.java:1)
Method      : uploadExcel
Interceptor : com.jfinal.ext.interceptor.SessionInViewInterceptor.(SessionInViewInterceptor.java:1)
              cn.jbolt.index.PjaxInterceptor.(PjaxInterceptor.java:1)
              cn.jbolt.index.AjaxPortalInterceptor.(AjaxPortalInterceptor.java:1)
              cn.jbolt._admin.interceptor.AdminAuthInterceptor.(AdminAuthInterceptor.java:1)
--------------------------------------------------------------------------------

[2019-12-30 10:56:56] DEBUG cn.jbolt.base.JBoltSlf4jLog 44 debug - 
JFinal-4.8 action report -------- 2019-12-30 10:56:56 --------------------------
Url         : POST /admin/supplymanage/uploadExcel
Controller  : cn.jbolt._admin.supplymanage.SupplyManageAdminController.(SupplyManageAdminController.java:1)
Method      : uploadExcel
Interceptor : com.jfinal.ext.interceptor.SessionInViewInterceptor.(SessionInViewInterceptor.java:1)
              cn.jbolt.index.PjaxInterceptor.(PjaxInterceptor.java:1)
              cn.jbolt.index.AjaxPortalInterceptor.(AjaxPortalInterceptor.java:1)
              cn.jbolt._admin.interceptor.AdminAuthInterceptor.(AdminAuthInterceptor.java:1)
--------------------------------------------------------------------------------

[2019-12-30 11:24:40] DEBUG cn.jbolt.base.JBoltSlf4jLog 44 debug - 
JFinal-4.8 action report -------- 2019-12-30 11:24:40 --------------------------
Url         : POST /admin/supplymanage/uploadExcel
Controller  : cn.jbolt._admin.supplymanage.SupplyManageAdminController.(SupplyManageAdminController.java:1)
Method      : uploadExcel
Interceptor : com.jfinal.ext.interceptor.SessionInViewInterceptor.(SessionInViewInterceptor.java:1)
              cn.jbolt.index.PjaxInterceptor.(PjaxInterceptor.java:1)
              cn.jbolt.index.AjaxPortalInterceptor.(AjaxPortalInterceptor.java:1)
              cn.jbolt._admin.interceptor.AdminAuthInterceptor.(AdminAuthInterceptor.java:1)
--------------------------------------------------------------------------------

[2019-12-30 11:25:33] DEBUG cn.jbolt.base.JBoltSlf4jLog 44 debug - 
JFinal-4.8 action report -------- 2019-12-30 11:25:33 --------------------------
Url         : GET /admin
Controller  : cn.jbolt.index.AdminIndexController.(AdminIndexController.java:1)
Method      : index
Interceptor : com.jfinal.ext.interceptor.SessionInViewInterceptor.(SessionInViewInterceptor.java:1)
              cn.jbolt.index.PjaxInterceptor.(PjaxInterceptor.java:1)
              cn.jbolt.index.AjaxPortalInterceptor.(AjaxPortalInterceptor.java:1)
              cn.jbolt._admin.interceptor.AdminAuthInterceptor.(AdminAuthInterceptor.java:1)
              cn.jbolt.base.JBoltNoUrlPara.(JBoltNoUrlPara.java:1)
--------------------------------------------------------------------------------

[2019-12-30 11:25:33] DEBUG cn.jbolt.base.JBoltSlf4jLog 44 debug - 
JFinal-4.8 action report -------- 2019-12-30 11:25:33 --------------------------
Url         : GET /admin/dashboard
Controller  : cn.jbolt.index.AdminIndexController.(AdminIndexController.java:1)
Method      : dashboard
Interceptor : com.jfinal.ext.interceptor.SessionInViewInterceptor.(SessionInViewInterceptor.java:1)
              cn.jbolt.index.PjaxInterceptor.(PjaxInterceptor.java:1)
              cn.jbolt.index.AjaxPortalInterceptor.(AjaxPortalInterceptor.java:1)
              cn.jbolt._admin.interceptor.AdminAuthInterceptor.(AdminAuthInterceptor.java:1)
Parameter   : t=1577676333964  
--------------------------------------------------------------------------------

[2019-12-30 11:25:47] DEBUG cn.jbolt.base.JBoltSlf4jLog 44 debug - 
JFinal-4.8 action report -------- 2019-12-30 11:25:47 --------------------------
Url         : GET /admin/supplymanage
Controller  : cn.jbolt._admin.supplymanage.SupplyManageAdminController.(SupplyManageAdminController.java:1)
Method      : index
Interceptor : com.jfinal.ext.interceptor.SessionInViewInterceptor.(SessionInViewInterceptor.java:1)
              cn.jbolt.index.PjaxInterceptor.(PjaxInterceptor.java:1)
              cn.jbolt.index.AjaxPortalInterceptor.(AjaxPortalInterceptor.java:1)
              cn.jbolt._admin.interceptor.AdminAuthInterceptor.(AdminAuthInterceptor.java:1)
Parameter   : t=1577676347187  
--------------------------------------------------------------------------------

[2019-12-30 11:34:38] DEBUG cn.jbolt.base.JBoltSlf4jLog 44 debug - 
JFinal-4.8 action report -------- 2019-12-30 11:34:38 --------------------------
Url         : POST /admin/supplymanage/upfile
Controller  : cn.jbolt._admin.supplymanage.SupplyManageAdminController.(SupplyManageAdminController.java:1)
Method      : upfile
Interceptor : com.jfinal.ext.interceptor.SessionInViewInterceptor.(SessionInViewInterceptor.java:1)
              cn.jbolt.index.PjaxInterceptor.(PjaxInterceptor.java:1)
              cn.jbolt.index.AjaxPortalInterceptor.(AjaxPortalInterceptor.java:1)
              cn.jbolt._admin.interceptor.AdminAuthInterceptor.(AdminAuthInterceptor.java:1)
--------------------------------------------------------------------------------

[2019-12-30 11:35:46] DEBUG cn.jbolt.base.JBoltSlf4jLog 44 debug - 
JFinal-4.8 action report -------- 2019-12-30 11:35:46 --------------------------
Url         : POST /admin/supplymanage/upfile
Controller  : cn.jbolt._admin.supplymanage.SupplyManageAdminController.(SupplyManageAdminController.java:1)
Method      : upfile
Interceptor : com.jfinal.ext.interceptor.SessionInViewInterceptor.(SessionInViewInterceptor.java:1)
              cn.jbolt.index.PjaxInterceptor.(PjaxInterceptor.java:1)
              cn.jbolt.index.AjaxPortalInterceptor.(AjaxPortalInterceptor.java:1)
              cn.jbolt._admin.interceptor.AdminAuthInterceptor.(AdminAuthInterceptor.java:1)
--------------------------------------------------------------------------------

[2019-12-30 11:39:41] DEBUG cn.jbolt.base.JBoltSlf4jLog 44 debug - 
JFinal-4.8 action report -------- 2019-12-30 11:39:41 --------------------------
Url         : POST /admin/supplymanage/upfile
Controller  : cn.jbolt._admin.supplymanage.SupplyManageAdminController.(SupplyManageAdminController.java:1)
Method      : upfile
Interceptor : com.jfinal.ext.interceptor.SessionInViewInterceptor.(SessionInViewInterceptor.java:1)
              cn.jbolt.index.PjaxInterceptor.(PjaxInterceptor.java:1)
              cn.jbolt.index.AjaxPortalInterceptor.(AjaxPortalInterceptor.java:1)
              cn.jbolt._admin.interceptor.AdminAuthInterceptor.(AdminAuthInterceptor.java:1)
--------------------------------------------------------------------------------

[2019-12-30 11:45:48] DEBUG cn.jbolt.base.JBoltSlf4jLog 44 debug - 
JFinal-4.8 action report -------- 2019-12-30 11:45:48 --------------------------
Url         : GET /admin
Controller  : cn.jbolt.index.AdminIndexController.(AdminIndexController.java:1)
Method      : index
Interceptor : com.jfinal.ext.interceptor.SessionInViewInterceptor.(SessionInViewInterceptor.java:1)
              cn.jbolt.index.PjaxInterceptor.(PjaxInterceptor.java:1)
              cn.jbolt.index.AjaxPortalInterceptor.(AjaxPortalInterceptor.java:1)
              cn.jbolt._admin.interceptor.AdminAuthInterceptor.(AdminAuthInterceptor.java:1)
              cn.jbolt.base.JBoltNoUrlPara.(JBoltNoUrlPara.java:1)
--------------------------------------------------------------------------------

[2019-12-30 11:45:48] DEBUG cn.jbolt.base.JBoltSlf4jLog 44 debug - 
JFinal-4.8 action report -------- 2019-12-30 11:45:48 --------------------------
Url         : GET /admin/dashboard
Controller  : cn.jbolt.index.AdminIndexController.(AdminIndexController.java:1)
Method      : dashboard
Interceptor : com.jfinal.ext.interceptor.SessionInViewInterceptor.(SessionInViewInterceptor.java:1)
              cn.jbolt.index.PjaxInterceptor.(PjaxInterceptor.java:1)
              cn.jbolt.index.AjaxPortalInterceptor.(AjaxPortalInterceptor.java:1)
              cn.jbolt._admin.interceptor.AdminAuthInterceptor.(AdminAuthInterceptor.java:1)
Parameter   : t=1577677548944  
--------------------------------------------------------------------------------

[2019-12-30 11:46:26] DEBUG cn.jbolt.base.JBoltSlf4jLog 44 debug - 
JFinal-4.8 action report -------- 2019-12-30 11:46:26 --------------------------
Url         : GET /admin/supplymanage
Controller  : cn.jbolt._admin.supplymanage.SupplyManageAdminController.(SupplyManageAdminController.java:1)
Method      : index
Interceptor : com.jfinal.ext.interceptor.SessionInViewInterceptor.(SessionInViewInterceptor.java:1)
              cn.jbolt.index.PjaxInterceptor.(PjaxInterceptor.java:1)
              cn.jbolt.index.AjaxPortalInterceptor.(AjaxPortalInterceptor.java:1)
              cn.jbolt._admin.interceptor.AdminAuthInterceptor.(AdminAuthInterceptor.java:1)
Parameter   : t=1577677586721  
--------------------------------------------------------------------------------

[2019-12-30 11:46:31] DEBUG cn.jbolt.base.JBoltSlf4jLog 44 debug - 
JFinal-4.8 action report -------- 2019-12-30 11:46:31 --------------------------
Url         : POST /admin/supplymanage/uploadExcel
Controller  : cn.jbolt._admin.supplymanage.SupplyManageAdminController.(SupplyManageAdminController.java:1)
Method      : uploadExcel
Interceptor : com.jfinal.ext.interceptor.SessionInViewInterceptor.(SessionInViewInterceptor.java:1)
              cn.jbolt.index.PjaxInterceptor.(PjaxInterceptor.java:1)
              cn.jbolt.index.AjaxPortalInterceptor.(AjaxPortalInterceptor.java:1)
              cn.jbolt._admin.interceptor.AdminAuthInterceptor.(AdminAuthInterceptor.java:1)
--------------------------------------------------------------------------------

[2019-12-30 11:54:22] DEBUG cn.jbolt.base.JBoltSlf4jLog 44 debug - 
JFinal-4.8 action report -------- 2019-12-30 11:54:22 --------------------------
Url         : GET /admin
Controller  : cn.jbolt.index.AdminIndexController.(AdminIndexController.java:1)
Method      : index
Interceptor : com.jfinal.ext.interceptor.SessionInViewInterceptor.(SessionInViewInterceptor.java:1)
              cn.jbolt.index.PjaxInterceptor.(PjaxInterceptor.java:1)
              cn.jbolt.index.AjaxPortalInterceptor.(AjaxPortalInterceptor.java:1)
              cn.jbolt._admin.interceptor.AdminAuthInterceptor.(AdminAuthInterceptor.java:1)
              cn.jbolt.base.JBoltNoUrlPara.(JBoltNoUrlPara.java:1)
--------------------------------------------------------------------------------

[2019-12-30 11:54:22] DEBUG cn.jbolt.base.JBoltSlf4jLog 44 debug - 
JFinal-4.8 action report -------- 2019-12-30 11:54:22 --------------------------
Url         : GET /admin/tologin
Controller  : cn.jbolt.index.AdminIndexController.(AdminIndexController.java:1)
Method      : tologin
--------------------------------------------------------------------------------

[2019-12-30 11:54:22] DEBUG cn.jbolt.base.JBoltSlf4jLog 44 debug - 
JFinal-4.8 action report -------- 2019-12-30 11:54:22 --------------------------
Url         : GET /admin/captcha
Controller  : cn.jbolt.index.AdminIndexController.(AdminIndexController.java:1)
Method      : captcha
--------------------------------------------------------------------------------

[2019-12-30 11:54:32] DEBUG cn.jbolt.base.JBoltSlf4jLog 44 debug - 
JFinal-4.8 action report -------- 2019-12-30 11:54:32 --------------------------
Url         : POST /admin/login
Controller  : cn.jbolt.index.AdminIndexController.(AdminIndexController.java:1)
Method      : login
Parameter   : password=123456  captcha=iu3v  username=admin  
--------------------------------------------------------------------------------

[2019-12-30 11:54:34] DEBUG cn.jbolt.base.JBoltSlf4jLog 44 debug - 
JFinal-4.8 action report -------- 2019-12-30 11:54:34 --------------------------
Url         : GET /admin
Controller  : cn.jbolt.index.AdminIndexController.(AdminIndexController.java:1)
Method      : index
Interceptor : com.jfinal.ext.interceptor.SessionInViewInterceptor.(SessionInViewInterceptor.java:1)
              cn.jbolt.index.PjaxInterceptor.(PjaxInterceptor.java:1)
              cn.jbolt.index.AjaxPortalInterceptor.(AjaxPortalInterceptor.java:1)
              cn.jbolt._admin.interceptor.AdminAuthInterceptor.(AdminAuthInterceptor.java:1)
              cn.jbolt.base.JBoltNoUrlPara.(JBoltNoUrlPara.java:1)
--------------------------------------------------------------------------------

[2019-12-30 11:54:34] DEBUG cn.jbolt.base.JBoltSlf4jLog 44 debug - 
JFinal-4.8 action report -------- 2019-12-30 11:54:34 --------------------------
Url         : GET /admin/dashboard
Controller  : cn.jbolt.index.AdminIndexController.(AdminIndexController.java:1)
Method      : dashboard
Interceptor : com.jfinal.ext.interceptor.SessionInViewInterceptor.(SessionInViewInterceptor.java:1)
              cn.jbolt.index.PjaxInterceptor.(PjaxInterceptor.java:1)
              cn.jbolt.index.AjaxPortalInterceptor.(AjaxPortalInterceptor.java:1)
              cn.jbolt._admin.interceptor.AdminAuthInterceptor.(AdminAuthInterceptor.java:1)
Parameter   : t=1577678074513  
--------------------------------------------------------------------------------

[2019-12-30 11:54:36] DEBUG cn.jbolt.base.JBoltSlf4jLog 44 debug - 
JFinal-4.8 action report -------- 2019-12-30 11:54:36 --------------------------
Url         : GET /admin/supplymanage
Controller  : cn.jbolt._admin.supplymanage.SupplyManageAdminController.(SupplyManageAdminController.java:1)
Method      : index
Interceptor : com.jfinal.ext.interceptor.SessionInViewInterceptor.(SessionInViewInterceptor.java:1)
              cn.jbolt.index.PjaxInterceptor.(PjaxInterceptor.java:1)
              cn.jbolt.index.AjaxPortalInterceptor.(AjaxPortalInterceptor.java:1)
              cn.jbolt._admin.interceptor.AdminAuthInterceptor.(AdminAuthInterceptor.java:1)
Parameter   : t=1577678076566  
--------------------------------------------------------------------------------

[2019-12-30 11:54:45] DEBUG cn.jbolt.base.JBoltSlf4jLog 44 debug - 
JFinal-4.8 action report -------- 2019-12-30 11:54:45 --------------------------
Url         : POST /admin/supplymanage/uploadExcel
Controller  : cn.jbolt._admin.supplymanage.SupplyManageAdminController.(SupplyManageAdminController.java:1)
Method      : uploadExcel
Interceptor : com.jfinal.ext.interceptor.SessionInViewInterceptor.(SessionInViewInterceptor.java:1)
              cn.jbolt.index.PjaxInterceptor.(PjaxInterceptor.java:1)
              cn.jbolt.index.AjaxPortalInterceptor.(AjaxPortalInterceptor.java:1)
              cn.jbolt._admin.interceptor.AdminAuthInterceptor.(AdminAuthInterceptor.java:1)
--------------------------------------------------------------------------------

[2019-12-30 12:01:55] DEBUG cn.jbolt.base.JBoltSlf4jLog 44 debug - 
JFinal-4.8 action report -------- 2019-12-30 12:01:55 --------------------------
Url         : POST /admin/supplymanage/uploadExcel
Controller  : cn.jbolt._admin.supplymanage.SupplyManageAdminController.(SupplyManageAdminController.java:1)
Method      : uploadExcel
Interceptor : com.jfinal.ext.interceptor.SessionInViewInterceptor.(SessionInViewInterceptor.java:1)
              cn.jbolt.index.PjaxInterceptor.(PjaxInterceptor.java:1)
              cn.jbolt.index.AjaxPortalInterceptor.(AjaxPortalInterceptor.java:1)
              cn.jbolt._admin.interceptor.AdminAuthInterceptor.(AdminAuthInterceptor.java:1)
--------------------------------------------------------------------------------

[2019-12-30 12:09:26] DEBUG cn.jbolt.base.JBoltSlf4jLog 44 debug - 
JFinal-4.8 action report -------- 2019-12-30 12:09:26 --------------------------
Url         : POST /admin/supplymanage/uploadExcel
Controller  : cn.jbolt._admin.supplymanage.SupplyManageAdminController.(SupplyManageAdminController.java:1)
Method      : uploadExcel
Interceptor : com.jfinal.ext.interceptor.SessionInViewInterceptor.(SessionInViewInterceptor.java:1)
              cn.jbolt.index.PjaxInterceptor.(PjaxInterceptor.java:1)
              cn.jbolt.index.AjaxPortalInterceptor.(AjaxPortalInterceptor.java:1)
              cn.jbolt._admin.interceptor.AdminAuthInterceptor.(AdminAuthInterceptor.java:1)
--------------------------------------------------------------------------------

[2019-12-30 13:32:02] DEBUG cn.jbolt.base.JBoltSlf4jLog 44 debug - 
JFinal-4.8 action report -------- 2019-12-30 13:32:02 --------------------------
Url         : POST /admin/supplymanage/uploadExcel
Controller  : cn.jbolt._admin.supplymanage.SupplyManageAdminController.(SupplyManageAdminController.java:1)
Method      : uploadExcel
Interceptor : com.jfinal.ext.interceptor.SessionInViewInterceptor.(SessionInViewInterceptor.java:1)
              cn.jbolt.index.PjaxInterceptor.(PjaxInterceptor.java:1)
              cn.jbolt.index.AjaxPortalInterceptor.(AjaxPortalInterceptor.java:1)
              cn.jbolt._admin.interceptor.AdminAuthInterceptor.(AdminAuthInterceptor.java:1)
--------------------------------------------------------------------------------

[2019-12-30 14:02:20] DEBUG cn.jbolt.base.JBoltSlf4jLog 44 debug - 
JFinal-4.8 action report -------- 2019-12-30 14:02:20 --------------------------
Url         : GET /admin
Controller  : cn.jbolt.index.AdminIndexController.(AdminIndexController.java:1)
Method      : index
Interceptor : com.jfinal.ext.interceptor.SessionInViewInterceptor.(SessionInViewInterceptor.java:1)
              cn.jbolt.index.PjaxInterceptor.(PjaxInterceptor.java:1)
              cn.jbolt.index.AjaxPortalInterceptor.(AjaxPortalInterceptor.java:1)
              cn.jbolt._admin.interceptor.AdminAuthInterceptor.(AdminAuthInterceptor.java:1)
              cn.jbolt.base.JBoltNoUrlPara.(JBoltNoUrlPara.java:1)
--------------------------------------------------------------------------------

[2019-12-30 14:02:21] DEBUG cn.jbolt.base.JBoltSlf4jLog 44 debug - 
JFinal-4.8 action report -------- 2019-12-30 14:02:21 --------------------------
Url         : GET /admin/dashboard
Controller  : cn.jbolt.index.AdminIndexController.(AdminIndexController.java:1)
Method      : dashboard
Interceptor : com.jfinal.ext.interceptor.SessionInViewInterceptor.(SessionInViewInterceptor.java:1)
              cn.jbolt.index.PjaxInterceptor.(PjaxInterceptor.java:1)
              cn.jbolt.index.AjaxPortalInterceptor.(AjaxPortalInterceptor.java:1)
              cn.jbolt._admin.interceptor.AdminAuthInterceptor.(AdminAuthInterceptor.java:1)
Parameter   : t=1577685741505  
--------------------------------------------------------------------------------

[2019-12-30 14:02:25] DEBUG cn.jbolt.base.JBoltSlf4jLog 44 debug - 
JFinal-4.8 action report -------- 2019-12-30 14:02:25 --------------------------
Url         : GET /admin/supplymanage
Controller  : cn.jbolt._admin.supplymanage.SupplyManageAdminController.(SupplyManageAdminController.java:1)
Method      : index
Interceptor : com.jfinal.ext.interceptor.SessionInViewInterceptor.(SessionInViewInterceptor.java:1)
              cn.jbolt.index.PjaxInterceptor.(PjaxInterceptor.java:1)
              cn.jbolt.index.AjaxPortalInterceptor.(AjaxPortalInterceptor.java:1)
              cn.jbolt._admin.interceptor.AdminAuthInterceptor.(AdminAuthInterceptor.java:1)
Parameter   : t=1577685745375  
--------------------------------------------------------------------------------

[2019-12-30 14:14:05] DEBUG cn.jbolt.base.JBoltSlf4jLog 44 debug - 
JFinal-4.8 action report -------- 2019-12-30 14:14:05 --------------------------
Url         : POST /admin/supplymanage/uploadExcel
Controller  : cn.jbolt._admin.supplymanage.SupplyManageAdminController.(SupplyManageAdminController.java:1)
Method      : uploadExcel
Interceptor : com.jfinal.ext.interceptor.SessionInViewInterceptor.(SessionInViewInterceptor.java:1)
              cn.jbolt.index.PjaxInterceptor.(PjaxInterceptor.java:1)
              cn.jbolt.index.AjaxPortalInterceptor.(AjaxPortalInterceptor.java:1)
              cn.jbolt._admin.interceptor.AdminAuthInterceptor.(AdminAuthInterceptor.java:1)
--------------------------------------------------------------------------------

[2019-12-30 14:32:10] DEBUG cn.jbolt.base.JBoltSlf4jLog 44 debug - 
JFinal-4.8 action report -------- 2019-12-30 14:32:10 --------------------------
Url         : POST /admin/supplymanage/uploadExcel
Controller  : cn.jbolt._admin.supplymanage.SupplyManageAdminController.(SupplyManageAdminController.java:1)
Method      : uploadExcel
Interceptor : com.jfinal.ext.interceptor.SessionInViewInterceptor.(SessionInViewInterceptor.java:1)
              cn.jbolt.index.PjaxInterceptor.(PjaxInterceptor.java:1)
              cn.jbolt.index.AjaxPortalInterceptor.(AjaxPortalInterceptor.java:1)
              cn.jbolt._admin.interceptor.AdminAuthInterceptor.(AdminAuthInterceptor.java:1)
--------------------------------------------------------------------------------

[2019-12-30 14:34:40] DEBUG cn.jbolt.base.JBoltSlf4jLog 44 debug - 
JFinal-4.8 action report -------- 2019-12-30 14:34:40 --------------------------
Url         : POST /admin/supplymanage/uploadExcel
Controller  : cn.jbolt._admin.supplymanage.SupplyManageAdminController.(SupplyManageAdminController.java:1)
Method      : uploadExcel
Interceptor : com.jfinal.ext.interceptor.SessionInViewInterceptor.(SessionInViewInterceptor.java:1)
              cn.jbolt.index.PjaxInterceptor.(PjaxInterceptor.java:1)
              cn.jbolt.index.AjaxPortalInterceptor.(AjaxPortalInterceptor.java:1)
              cn.jbolt._admin.interceptor.AdminAuthInterceptor.(AdminAuthInterceptor.java:1)
--------------------------------------------------------------------------------

[2019-12-30 14:38:41] DEBUG cn.jbolt.base.JBoltSlf4jLog 44 debug - 
JFinal-4.8 action report -------- 2019-12-30 14:38:41 --------------------------
Url         : POST /admin/supplymanage/uploadExcel
Controller  : cn.jbolt._admin.supplymanage.SupplyManageAdminController.(SupplyManageAdminController.java:1)
Method      : uploadExcel
Interceptor : com.jfinal.ext.interceptor.SessionInViewInterceptor.(SessionInViewInterceptor.java:1)
              cn.jbolt.index.PjaxInterceptor.(PjaxInterceptor.java:1)
              cn.jbolt.index.AjaxPortalInterceptor.(AjaxPortalInterceptor.java:1)
              cn.jbolt._admin.interceptor.AdminAuthInterceptor.(AdminAuthInterceptor.java:1)
--------------------------------------------------------------------------------

[2019-12-30 14:48:33] DEBUG cn.jbolt.base.JBoltSlf4jLog 44 debug - 
JFinal-4.8 action report -------- 2019-12-30 14:48:33 --------------------------
Url         : POST /admin/supplymanage/uploadExcel
Controller  : cn.jbolt._admin.supplymanage.SupplyManageAdminController.(SupplyManageAdminController.java:1)
Method      : uploadExcel
Interceptor : com.jfinal.ext.interceptor.SessionInViewInterceptor.(SessionInViewInterceptor.java:1)
              cn.jbolt.index.PjaxInterceptor.(PjaxInterceptor.java:1)
              cn.jbolt.index.AjaxPortalInterceptor.(AjaxPortalInterceptor.java:1)
              cn.jbolt._admin.interceptor.AdminAuthInterceptor.(AdminAuthInterceptor.java:1)
--------------------------------------------------------------------------------

[2019-12-30 14:49:29] DEBUG cn.jbolt.base.JBoltSlf4jLog 44 debug - 
JFinal-4.8 action report -------- 2019-12-30 14:49:29 --------------------------
Url         : POST /admin/supplymanage/uploadExcel
Controller  : cn.jbolt._admin.supplymanage.SupplyManageAdminController.(SupplyManageAdminController.java:1)
Method      : uploadExcel
Interceptor : com.jfinal.ext.interceptor.SessionInViewInterceptor.(SessionInViewInterceptor.java:1)
              cn.jbolt.index.PjaxInterceptor.(PjaxInterceptor.java:1)
              cn.jbolt.index.AjaxPortalInterceptor.(AjaxPortalInterceptor.java:1)
              cn.jbolt._admin.interceptor.AdminAuthInterceptor.(AdminAuthInterceptor.java:1)
--------------------------------------------------------------------------------

[2019-12-30 14:51:11] DEBUG cn.jbolt.base.JBoltSlf4jLog 44 debug - 
JFinal-4.8 action report -------- 2019-12-30 14:51:11 --------------------------
Url         : POST /admin/supplymanage/uploadExcel
Controller  : cn.jbolt._admin.supplymanage.SupplyManageAdminController.(SupplyManageAdminController.java:1)
Method      : uploadExcel
Interceptor : com.jfinal.ext.interceptor.SessionInViewInterceptor.(SessionInViewInterceptor.java:1)
              cn.jbolt.index.PjaxInterceptor.(PjaxInterceptor.java:1)
              cn.jbolt.index.AjaxPortalInterceptor.(AjaxPortalInterceptor.java:1)
              cn.jbolt._admin.interceptor.AdminAuthInterceptor.(AdminAuthInterceptor.java:1)
--------------------------------------------------------------------------------

[2019-12-30 14:52:27] DEBUG cn.jbolt.base.JBoltSlf4jLog 44 debug - 
JFinal-4.8 action report -------- 2019-12-30 14:52:27 --------------------------
Url         : GET /admin
Controller  : cn.jbolt.index.AdminIndexController.(AdminIndexController.java:1)
Method      : index
Interceptor : com.jfinal.ext.interceptor.SessionInViewInterceptor.(SessionInViewInterceptor.java:1)
              cn.jbolt.index.PjaxInterceptor.(PjaxInterceptor.java:1)
              cn.jbolt.index.AjaxPortalInterceptor.(AjaxPortalInterceptor.java:1)
              cn.jbolt._admin.interceptor.AdminAuthInterceptor.(AdminAuthInterceptor.java:1)
              cn.jbolt.base.JBoltNoUrlPara.(JBoltNoUrlPara.java:1)
--------------------------------------------------------------------------------

[2019-12-30 14:52:28] DEBUG cn.jbolt.base.JBoltSlf4jLog 44 debug - 
JFinal-4.8 action report -------- 2019-12-30 14:52:28 --------------------------
Url         : GET /admin/dashboard
Controller  : cn.jbolt.index.AdminIndexController.(AdminIndexController.java:1)
Method      : dashboard
Interceptor : com.jfinal.ext.interceptor.SessionInViewInterceptor.(SessionInViewInterceptor.java:1)
              cn.jbolt.index.PjaxInterceptor.(PjaxInterceptor.java:1)
              cn.jbolt.index.AjaxPortalInterceptor.(AjaxPortalInterceptor.java:1)
              cn.jbolt._admin.interceptor.AdminAuthInterceptor.(AdminAuthInterceptor.java:1)
Parameter   : t=1577688748374  
--------------------------------------------------------------------------------

[2019-12-30 14:52:32] DEBUG cn.jbolt.base.JBoltSlf4jLog 44 debug - 
JFinal-4.8 action report -------- 2019-12-30 14:52:32 --------------------------
Url         : GET /admin/supplymanage
Controller  : cn.jbolt._admin.supplymanage.SupplyManageAdminController.(SupplyManageAdminController.java:1)
Method      : index
Interceptor : com.jfinal.ext.interceptor.SessionInViewInterceptor.(SessionInViewInterceptor.java:1)
              cn.jbolt.index.PjaxInterceptor.(PjaxInterceptor.java:1)
              cn.jbolt.index.AjaxPortalInterceptor.(AjaxPortalInterceptor.java:1)
              cn.jbolt._admin.interceptor.AdminAuthInterceptor.(AdminAuthInterceptor.java:1)
Parameter   : t=1577688752367  
--------------------------------------------------------------------------------

[2019-12-30 14:52:37] DEBUG cn.jbolt.base.JBoltSlf4jLog 44 debug - 
JFinal-4.8 action report -------- 2019-12-30 14:52:37 --------------------------
Url         : POST /admin/supplymanage/uploadExcel
Controller  : cn.jbolt._admin.supplymanage.SupplyManageAdminController.(SupplyManageAdminController.java:1)
Method      : uploadExcel
Interceptor : com.jfinal.ext.interceptor.SessionInViewInterceptor.(SessionInViewInterceptor.java:1)
              cn.jbolt.index.PjaxInterceptor.(PjaxInterceptor.java:1)
              cn.jbolt.index.AjaxPortalInterceptor.(AjaxPortalInterceptor.java:1)
              cn.jbolt._admin.interceptor.AdminAuthInterceptor.(AdminAuthInterceptor.java:1)
--------------------------------------------------------------------------------

[2019-12-30 14:53:33] DEBUG cn.jbolt.base.JBoltSlf4jLog 44 debug - 
JFinal-4.8 action report -------- 2019-12-30 14:53:33 --------------------------
Url         : GET /admin/supplymanage/downloadToExcel
Controller  : cn.jbolt._admin.supplymanage.SupplyManageAdminController.(SupplyManageAdminController.java:1)
Method      : downloadToExcel
Interceptor : com.jfinal.ext.interceptor.SessionInViewInterceptor.(SessionInViewInterceptor.java:1)
              cn.jbolt.index.PjaxInterceptor.(PjaxInterceptor.java:1)
              cn.jbolt.index.AjaxPortalInterceptor.(AjaxPortalInterceptor.java:1)
              cn.jbolt._admin.interceptor.AdminAuthInterceptor.(AdminAuthInterceptor.java:1)
--------------------------------------------------------------------------------

[2019-12-30 14:55:31] DEBUG cn.jbolt.base.JBoltSlf4jLog 44 debug - 
JFinal-4.8 action report -------- 2019-12-30 14:55:31 --------------------------
Url         : GET /admin
Controller  : cn.jbolt.index.AdminIndexController.(AdminIndexController.java:1)
Method      : index
Interceptor : com.jfinal.ext.interceptor.SessionInViewInterceptor.(SessionInViewInterceptor.java:1)
              cn.jbolt.index.PjaxInterceptor.(PjaxInterceptor.java:1)
              cn.jbolt.index.AjaxPortalInterceptor.(AjaxPortalInterceptor.java:1)
              cn.jbolt._admin.interceptor.AdminAuthInterceptor.(AdminAuthInterceptor.java:1)
              cn.jbolt.base.JBoltNoUrlPara.(JBoltNoUrlPara.java:1)
--------------------------------------------------------------------------------

[2019-12-30 14:55:32] DEBUG cn.jbolt.base.JBoltSlf4jLog 44 debug - 
JFinal-4.8 action report -------- 2019-12-30 14:55:32 --------------------------
Url         : GET /admin/dashboard
Controller  : cn.jbolt.index.AdminIndexController.(AdminIndexController.java:1)
Method      : dashboard
Interceptor : com.jfinal.ext.interceptor.SessionInViewInterceptor.(SessionInViewInterceptor.java:1)
              cn.jbolt.index.PjaxInterceptor.(PjaxInterceptor.java:1)
              cn.jbolt.index.AjaxPortalInterceptor.(AjaxPortalInterceptor.java:1)
              cn.jbolt._admin.interceptor.AdminAuthInterceptor.(AdminAuthInterceptor.java:1)
Parameter   : t=1577688932266  
--------------------------------------------------------------------------------

[2019-12-30 14:55:34] DEBUG cn.jbolt.base.JBoltSlf4jLog 44 debug - 
JFinal-4.8 action report -------- 2019-12-30 14:55:34 --------------------------
Url         : GET /admin/supplymanage
Controller  : cn.jbolt._admin.supplymanage.SupplyManageAdminController.(SupplyManageAdminController.java:1)
Method      : index
Interceptor : com.jfinal.ext.interceptor.SessionInViewInterceptor.(SessionInViewInterceptor.java:1)
              cn.jbolt.index.PjaxInterceptor.(PjaxInterceptor.java:1)
              cn.jbolt.index.AjaxPortalInterceptor.(AjaxPortalInterceptor.java:1)
              cn.jbolt._admin.interceptor.AdminAuthInterceptor.(AdminAuthInterceptor.java:1)
Parameter   : t=1577688934633  
--------------------------------------------------------------------------------

[2019-12-30 14:55:39] DEBUG cn.jbolt.base.JBoltSlf4jLog 44 debug - 
JFinal-4.8 action report -------- 2019-12-30 14:55:39 --------------------------
Url         : POST /admin/supplymanage/uploadExcel
Controller  : cn.jbolt._admin.supplymanage.SupplyManageAdminController.(SupplyManageAdminController.java:1)
Method      : uploadExcel
Interceptor : com.jfinal.ext.interceptor.SessionInViewInterceptor.(SessionInViewInterceptor.java:1)
              cn.jbolt.index.PjaxInterceptor.(PjaxInterceptor.java:1)
              cn.jbolt.index.AjaxPortalInterceptor.(AjaxPortalInterceptor.java:1)
              cn.jbolt._admin.interceptor.AdminAuthInterceptor.(AdminAuthInterceptor.java:1)
--------------------------------------------------------------------------------

[2019-12-30 14:57:24] DEBUG cn.jbolt.base.JBoltSlf4jLog 44 debug - 
JFinal-4.8 action report -------- 2019-12-30 14:57:24 --------------------------
Url         : POST /admin/supplymanage/uploadExcel
Controller  : cn.jbolt._admin.supplymanage.SupplyManageAdminController.(SupplyManageAdminController.java:1)
Method      : uploadExcel
Interceptor : com.jfinal.ext.interceptor.SessionInViewInterceptor.(SessionInViewInterceptor.java:1)
              cn.jbolt.index.PjaxInterceptor.(PjaxInterceptor.java:1)
              cn.jbolt.index.AjaxPortalInterceptor.(AjaxPortalInterceptor.java:1)
              cn.jbolt._admin.interceptor.AdminAuthInterceptor.(AdminAuthInterceptor.java:1)
--------------------------------------------------------------------------------

[2019-12-30 15:01:13] DEBUG cn.jbolt.base.JBoltSlf4jLog 44 debug - 
JFinal-4.8 action report -------- 2019-12-30 15:01:13 --------------------------
Url         : POST /admin/supplymanage/uploadExcel
Controller  : cn.jbolt._admin.supplymanage.SupplyManageAdminController.(SupplyManageAdminController.java:1)
Method      : uploadExcel
Interceptor : com.jfinal.ext.interceptor.SessionInViewInterceptor.(SessionInViewInterceptor.java:1)
              cn.jbolt.index.PjaxInterceptor.(PjaxInterceptor.java:1)
              cn.jbolt.index.AjaxPortalInterceptor.(AjaxPortalInterceptor.java:1)
              cn.jbolt._admin.interceptor.AdminAuthInterceptor.(AdminAuthInterceptor.java:1)
--------------------------------------------------------------------------------

[2019-12-30 15:03:03] DEBUG cn.jbolt.base.JBoltSlf4jLog 44 debug - 
JFinal-4.8 action report -------- 2019-12-30 15:03:03 --------------------------
Url         : GET /admin
Controller  : cn.jbolt.index.AdminIndexController.(AdminIndexController.java:1)
Method      : index
Interceptor : com.jfinal.ext.interceptor.SessionInViewInterceptor.(SessionInViewInterceptor.java:1)
              cn.jbolt.index.PjaxInterceptor.(PjaxInterceptor.java:1)
              cn.jbolt.index.AjaxPortalInterceptor.(AjaxPortalInterceptor.java:1)
              cn.jbolt._admin.interceptor.AdminAuthInterceptor.(AdminAuthInterceptor.java:1)
              cn.jbolt.base.JBoltNoUrlPara.(JBoltNoUrlPara.java:1)
--------------------------------------------------------------------------------

[2019-12-30 15:03:04] DEBUG cn.jbolt.base.JBoltSlf4jLog 44 debug - 
JFinal-4.8 action report -------- 2019-12-30 15:03:04 --------------------------
Url         : GET /admin/dashboard
Controller  : cn.jbolt.index.AdminIndexController.(AdminIndexController.java:1)
Method      : dashboard
Interceptor : com.jfinal.ext.interceptor.SessionInViewInterceptor.(SessionInViewInterceptor.java:1)
              cn.jbolt.index.PjaxInterceptor.(PjaxInterceptor.java:1)
              cn.jbolt.index.AjaxPortalInterceptor.(AjaxPortalInterceptor.java:1)
              cn.jbolt._admin.interceptor.AdminAuthInterceptor.(AdminAuthInterceptor.java:1)
Parameter   : t=1577689384054  
--------------------------------------------------------------------------------

[2019-12-30 15:03:11] DEBUG cn.jbolt.base.JBoltSlf4jLog 44 debug - 
JFinal-4.8 action report -------- 2019-12-30 15:03:11 --------------------------
Url         : GET /admin/supplymanage
Controller  : cn.jbolt._admin.supplymanage.SupplyManageAdminController.(SupplyManageAdminController.java:1)
Method      : index
Interceptor : com.jfinal.ext.interceptor.SessionInViewInterceptor.(SessionInViewInterceptor.java:1)
              cn.jbolt.index.PjaxInterceptor.(PjaxInterceptor.java:1)
              cn.jbolt.index.AjaxPortalInterceptor.(AjaxPortalInterceptor.java:1)
              cn.jbolt._admin.interceptor.AdminAuthInterceptor.(AdminAuthInterceptor.java:1)
Parameter   : t=1577689391408  
--------------------------------------------------------------------------------

[2019-12-30 15:03:15] DEBUG cn.jbolt.base.JBoltSlf4jLog 44 debug - 
JFinal-4.8 action report -------- 2019-12-30 15:03:15 --------------------------
Url         : POST /admin/supplymanage/uploadExcel
Controller  : cn.jbolt._admin.supplymanage.SupplyManageAdminController.(SupplyManageAdminController.java:1)
Method      : uploadExcel
Interceptor : com.jfinal.ext.interceptor.SessionInViewInterceptor.(SessionInViewInterceptor.java:1)
              cn.jbolt.index.PjaxInterceptor.(PjaxInterceptor.java:1)
              cn.jbolt.index.AjaxPortalInterceptor.(AjaxPortalInterceptor.java:1)
              cn.jbolt._admin.interceptor.AdminAuthInterceptor.(AdminAuthInterceptor.java:1)
--------------------------------------------------------------------------------

[2019-12-30 15:04:00] DEBUG cn.jbolt.base.JBoltSlf4jLog 44 debug - 
JFinal-4.8 action report -------- 2019-12-30 15:04:00 --------------------------
Url         : POST /admin/supplymanage/uploadExcel
Controller  : cn.jbolt._admin.supplymanage.SupplyManageAdminController.(SupplyManageAdminController.java:1)
Method      : uploadExcel
Interceptor : com.jfinal.ext.interceptor.SessionInViewInterceptor.(SessionInViewInterceptor.java:1)
              cn.jbolt.index.PjaxInterceptor.(PjaxInterceptor.java:1)
              cn.jbolt.index.AjaxPortalInterceptor.(AjaxPortalInterceptor.java:1)
              cn.jbolt._admin.interceptor.AdminAuthInterceptor.(AdminAuthInterceptor.java:1)
--------------------------------------------------------------------------------

[2019-12-30 15:08:52] DEBUG cn.jbolt.base.JBoltSlf4jLog 44 debug - 
JFinal-4.8 action report -------- 2019-12-30 15:08:52 --------------------------
Url         : POST /admin/supplymanage/uploadExcel
Controller  : cn.jbolt._admin.supplymanage.SupplyManageAdminController.(SupplyManageAdminController.java:1)
Method      : uploadExcel
Interceptor : com.jfinal.ext.interceptor.SessionInViewInterceptor.(SessionInViewInterceptor.java:1)
              cn.jbolt.index.PjaxInterceptor.(PjaxInterceptor.java:1)
              cn.jbolt.index.AjaxPortalInterceptor.(AjaxPortalInterceptor.java:1)
              cn.jbolt._admin.interceptor.AdminAuthInterceptor.(AdminAuthInterceptor.java:1)
--------------------------------------------------------------------------------

[2019-12-30 15:50:29] DEBUG cn.jbolt.base.JBoltSlf4jLog 44 debug - 
JFinal-4.8 action report -------- 2019-12-30 15:50:29 --------------------------
Url         : POST /admin/supplymanage/uploadExcel
Controller  : cn.jbolt._admin.supplymanage.SupplyManageAdminController.(SupplyManageAdminController.java:1)
Method      : uploadExcel
Interceptor : com.jfinal.ext.interceptor.SessionInViewInterceptor.(SessionInViewInterceptor.java:1)
              cn.jbolt.index.PjaxInterceptor.(PjaxInterceptor.java:1)
              cn.jbolt.index.AjaxPortalInterceptor.(AjaxPortalInterceptor.java:1)
              cn.jbolt._admin.interceptor.AdminAuthInterceptor.(AdminAuthInterceptor.java:1)
--------------------------------------------------------------------------------

[2019-12-30 15:51:13] DEBUG cn.jbolt.base.JBoltSlf4jLog 44 debug - 
JFinal-4.8 action report -------- 2019-12-30 15:51:13 --------------------------
Url         : POST /admin/supplymanage/uploadExcel
Controller  : cn.jbolt._admin.supplymanage.SupplyManageAdminController.(SupplyManageAdminController.java:1)
Method      : uploadExcel
Interceptor : com.jfinal.ext.interceptor.SessionInViewInterceptor.(SessionInViewInterceptor.java:1)
              cn.jbolt.index.PjaxInterceptor.(PjaxInterceptor.java:1)
              cn.jbolt.index.AjaxPortalInterceptor.(AjaxPortalInterceptor.java:1)
              cn.jbolt._admin.interceptor.AdminAuthInterceptor.(AdminAuthInterceptor.java:1)
--------------------------------------------------------------------------------

[2019-12-30 15:52:10] DEBUG cn.jbolt.base.JBoltSlf4jLog 44 debug - 
JFinal-4.8 action report -------- 2019-12-30 15:52:10 --------------------------
Url         : POST /admin/supplymanage/uploadExcel
Controller  : cn.jbolt._admin.supplymanage.SupplyManageAdminController.(SupplyManageAdminController.java:1)
Method      : uploadExcel
Interceptor : com.jfinal.ext.interceptor.SessionInViewInterceptor.(SessionInViewInterceptor.java:1)
              cn.jbolt.index.PjaxInterceptor.(PjaxInterceptor.java:1)
              cn.jbolt.index.AjaxPortalInterceptor.(AjaxPortalInterceptor.java:1)
              cn.jbolt._admin.interceptor.AdminAuthInterceptor.(AdminAuthInterceptor.java:1)
--------------------------------------------------------------------------------

[2019-12-30 15:57:07] DEBUG cn.jbolt.base.JBoltSlf4jLog 44 debug - 
JFinal-4.8 action report -------- 2019-12-30 15:57:07 --------------------------
Url         : POST /admin/supplymanage/uploadExcel
Controller  : cn.jbolt._admin.supplymanage.SupplyManageAdminController.(SupplyManageAdminController.java:1)
Method      : uploadExcel
Interceptor : com.jfinal.ext.interceptor.SessionInViewInterceptor.(SessionInViewInterceptor.java:1)
              cn.jbolt.index.PjaxInterceptor.(PjaxInterceptor.java:1)
              cn.jbolt.index.AjaxPortalInterceptor.(AjaxPortalInterceptor.java:1)
              cn.jbolt._admin.interceptor.AdminAuthInterceptor.(AdminAuthInterceptor.java:1)
--------------------------------------------------------------------------------

[2019-12-30 15:58:17] DEBUG cn.jbolt.base.JBoltSlf4jLog 44 debug - 
JFinal-4.8 action report -------- 2019-12-30 15:58:17 --------------------------
Url         : POST /admin/supplymanage/uploadExcel
Controller  : cn.jbolt._admin.supplymanage.SupplyManageAdminController.(SupplyManageAdminController.java:1)
Method      : uploadExcel
Interceptor : com.jfinal.ext.interceptor.SessionInViewInterceptor.(SessionInViewInterceptor.java:1)
              cn.jbolt.index.PjaxInterceptor.(PjaxInterceptor.java:1)
              cn.jbolt.index.AjaxPortalInterceptor.(AjaxPortalInterceptor.java:1)
              cn.jbolt._admin.interceptor.AdminAuthInterceptor.(AdminAuthInterceptor.java:1)
--------------------------------------------------------------------------------

[2019-12-30 16:24:52] DEBUG cn.jbolt.base.JBoltSlf4jLog 44 debug - 
JFinal-4.8 action report -------- 2019-12-30 16:24:52 --------------------------
Url         : POST /admin/supplymanage/uploadExcel
Controller  : cn.jbolt._admin.supplymanage.SupplyManageAdminController.(SupplyManageAdminController.java:1)
Method      : uploadExcel
Interceptor : com.jfinal.ext.interceptor.SessionInViewInterceptor.(SessionInViewInterceptor.java:1)
              cn.jbolt.index.PjaxInterceptor.(PjaxInterceptor.java:1)
              cn.jbolt.index.AjaxPortalInterceptor.(AjaxPortalInterceptor.java:1)
              cn.jbolt._admin.interceptor.AdminAuthInterceptor.(AdminAuthInterceptor.java:1)
--------------------------------------------------------------------------------

[2019-12-30 16:27:08] DEBUG cn.jbolt.base.JBoltSlf4jLog 44 debug - 
JFinal-4.8 action report -------- 2019-12-30 16:27:08 --------------------------
Url         : POST /admin/supplymanage/uploadExcel
Controller  : cn.jbolt._admin.supplymanage.SupplyManageAdminController.(SupplyManageAdminController.java:1)
Method      : uploadExcel
Interceptor : com.jfinal.ext.interceptor.SessionInViewInterceptor.(SessionInViewInterceptor.java:1)
              cn.jbolt.index.PjaxInterceptor.(PjaxInterceptor.java:1)
              cn.jbolt.index.AjaxPortalInterceptor.(AjaxPortalInterceptor.java:1)
              cn.jbolt._admin.interceptor.AdminAuthInterceptor.(AdminAuthInterceptor.java:1)
--------------------------------------------------------------------------------

[2019-12-30 16:38:07] DEBUG cn.jbolt.base.JBoltSlf4jLog 44 debug - 
JFinal-4.8 action report -------- 2019-12-30 16:38:07 --------------------------
Url         : POST /admin/supplymanage/uploadExcel
Controller  : cn.jbolt._admin.supplymanage.SupplyManageAdminController.(SupplyManageAdminController.java:1)
Method      : uploadExcel
Interceptor : com.jfinal.ext.interceptor.SessionInViewInterceptor.(SessionInViewInterceptor.java:1)
              cn.jbolt.index.PjaxInterceptor.(PjaxInterceptor.java:1)
              cn.jbolt.index.AjaxPortalInterceptor.(AjaxPortalInterceptor.java:1)
              cn.jbolt._admin.interceptor.AdminAuthInterceptor.(AdminAuthInterceptor.java:1)
--------------------------------------------------------------------------------

[2019-12-30 16:58:55] DEBUG cn.jbolt.base.JBoltSlf4jLog 44 debug - 
JFinal-4.8 action report -------- 2019-12-30 16:58:55 --------------------------
Url         : POST /admin/supplymanage/uploadExcel
Controller  : cn.jbolt._admin.supplymanage.SupplyManageAdminController.(SupplyManageAdminController.java:1)
Method      : uploadExcel
Interceptor : com.jfinal.ext.interceptor.SessionInViewInterceptor.(SessionInViewInterceptor.java:1)
              cn.jbolt.index.PjaxInterceptor.(PjaxInterceptor.java:1)
              cn.jbolt.index.AjaxPortalInterceptor.(AjaxPortalInterceptor.java:1)
              cn.jbolt._admin.interceptor.AdminAuthInterceptor.(AdminAuthInterceptor.java:1)
--------------------------------------------------------------------------------

[2019-12-30 16:59:46] DEBUG cn.jbolt.base.JBoltSlf4jLog 44 debug - 
JFinal-4.8 action report -------- 2019-12-30 16:59:46 --------------------------
Url         : POST /admin/supplymanage/uploadExcel
Controller  : cn.jbolt._admin.supplymanage.SupplyManageAdminController.(SupplyManageAdminController.java:1)
Method      : uploadExcel
Interceptor : com.jfinal.ext.interceptor.SessionInViewInterceptor.(SessionInViewInterceptor.java:1)
              cn.jbolt.index.PjaxInterceptor.(PjaxInterceptor.java:1)
              cn.jbolt.index.AjaxPortalInterceptor.(AjaxPortalInterceptor.java:1)
              cn.jbolt._admin.interceptor.AdminAuthInterceptor.(AdminAuthInterceptor.java:1)
--------------------------------------------------------------------------------

[2019-12-30 17:06:09] DEBUG cn.jbolt.base.JBoltSlf4jLog 44 debug - 
JFinal-4.8 action report -------- 2019-12-30 17:06:09 --------------------------
Url         : GET /admin
Controller  : cn.jbolt.index.AdminIndexController.(AdminIndexController.java:1)
Method      : index
Interceptor : com.jfinal.ext.interceptor.SessionInViewInterceptor.(SessionInViewInterceptor.java:1)
              cn.jbolt.index.PjaxInterceptor.(PjaxInterceptor.java:1)
              cn.jbolt.index.AjaxPortalInterceptor.(AjaxPortalInterceptor.java:1)
              cn.jbolt._admin.interceptor.AdminAuthInterceptor.(AdminAuthInterceptor.java:1)
              cn.jbolt.base.JBoltNoUrlPara.(JBoltNoUrlPara.java:1)
--------------------------------------------------------------------------------

[2019-12-30 17:06:09] DEBUG cn.jbolt.base.JBoltSlf4jLog 44 debug - 
JFinal-4.8 action report -------- 2019-12-30 17:06:09 --------------------------
Url         : GET /admin/tologin
Controller  : cn.jbolt.index.AdminIndexController.(AdminIndexController.java:1)
Method      : tologin
--------------------------------------------------------------------------------

[2019-12-30 17:06:09] DEBUG cn.jbolt.base.JBoltSlf4jLog 44 debug - 
JFinal-4.8 action report -------- 2019-12-30 17:06:09 --------------------------
Url         : GET /admin/captcha
Controller  : cn.jbolt.index.AdminIndexController.(AdminIndexController.java:1)
Method      : captcha
--------------------------------------------------------------------------------

[2019-12-30 17:06:17] DEBUG cn.jbolt.base.JBoltSlf4jLog 44 debug - 
JFinal-4.8 action report -------- 2019-12-30 17:06:17 --------------------------
Url         : POST /admin/login
Controller  : cn.jbolt.index.AdminIndexController.(AdminIndexController.java:1)
Method      : login
Parameter   : password=123456  captcha=d4ri  username=admin  
--------------------------------------------------------------------------------

[2019-12-30 17:06:19] DEBUG cn.jbolt.base.JBoltSlf4jLog 44 debug - 
JFinal-4.8 action report -------- 2019-12-30 17:06:19 --------------------------
Url         : GET /admin
Controller  : cn.jbolt.index.AdminIndexController.(AdminIndexController.java:1)
Method      : index
Interceptor : com.jfinal.ext.interceptor.SessionInViewInterceptor.(SessionInViewInterceptor.java:1)
              cn.jbolt.index.PjaxInterceptor.(PjaxInterceptor.java:1)
              cn.jbolt.index.AjaxPortalInterceptor.(AjaxPortalInterceptor.java:1)
              cn.jbolt._admin.interceptor.AdminAuthInterceptor.(AdminAuthInterceptor.java:1)
              cn.jbolt.base.JBoltNoUrlPara.(JBoltNoUrlPara.java:1)
--------------------------------------------------------------------------------

[2019-12-30 17:06:19] DEBUG cn.jbolt.base.JBoltSlf4jLog 44 debug - 
JFinal-4.8 action report -------- 2019-12-30 17:06:19 --------------------------
Url         : GET /admin/dashboard
Controller  : cn.jbolt.index.AdminIndexController.(AdminIndexController.java:1)
Method      : dashboard
Interceptor : com.jfinal.ext.interceptor.SessionInViewInterceptor.(SessionInViewInterceptor.java:1)
              cn.jbolt.index.PjaxInterceptor.(PjaxInterceptor.java:1)
              cn.jbolt.index.AjaxPortalInterceptor.(AjaxPortalInterceptor.java:1)
              cn.jbolt._admin.interceptor.AdminAuthInterceptor.(AdminAuthInterceptor.java:1)
Parameter   : t=1577696779578  
--------------------------------------------------------------------------------

[2019-12-30 17:06:22] DEBUG cn.jbolt.base.JBoltSlf4jLog 44 debug - 
JFinal-4.8 action report -------- 2019-12-30 17:06:22 --------------------------
Url         : GET /admin/supplymanage
Controller  : cn.jbolt._admin.supplymanage.SupplyManageAdminController.(SupplyManageAdminController.java:1)
Method      : index
Interceptor : com.jfinal.ext.interceptor.SessionInViewInterceptor.(SessionInViewInterceptor.java:1)
              cn.jbolt.index.PjaxInterceptor.(PjaxInterceptor.java:1)
              cn.jbolt.index.AjaxPortalInterceptor.(AjaxPortalInterceptor.java:1)
              cn.jbolt._admin.interceptor.AdminAuthInterceptor.(AdminAuthInterceptor.java:1)
Parameter   : t=1577696782421  
--------------------------------------------------------------------------------

[2019-12-30 17:06:56] DEBUG cn.jbolt.base.JBoltSlf4jLog 44 debug - 
JFinal-4.8 action report -------- 2019-12-30 17:06:56 --------------------------
Url         : GET /admin
Controller  : cn.jbolt.index.AdminIndexController.(AdminIndexController.java:1)
Method      : index
Interceptor : com.jfinal.ext.interceptor.SessionInViewInterceptor.(SessionInViewInterceptor.java:1)
              cn.jbolt.index.PjaxInterceptor.(PjaxInterceptor.java:1)
              cn.jbolt.index.AjaxPortalInterceptor.(AjaxPortalInterceptor.java:1)
              cn.jbolt._admin.interceptor.AdminAuthInterceptor.(AdminAuthInterceptor.java:1)
              cn.jbolt.base.JBoltNoUrlPara.(JBoltNoUrlPara.java:1)
--------------------------------------------------------------------------------

[2019-12-30 17:06:57] DEBUG cn.jbolt.base.JBoltSlf4jLog 44 debug - 
JFinal-4.8 action report -------- 2019-12-30 17:06:57 --------------------------
Url         : GET /admin/dashboard
Controller  : cn.jbolt.index.AdminIndexController.(AdminIndexController.java:1)
Method      : dashboard
Interceptor : com.jfinal.ext.interceptor.SessionInViewInterceptor.(SessionInViewInterceptor.java:1)
              cn.jbolt.index.PjaxInterceptor.(PjaxInterceptor.java:1)
              cn.jbolt.index.AjaxPortalInterceptor.(AjaxPortalInterceptor.java:1)
              cn.jbolt._admin.interceptor.AdminAuthInterceptor.(AdminAuthInterceptor.java:1)
Parameter   : t=1577696817359  
--------------------------------------------------------------------------------

[2019-12-30 17:06:59] DEBUG cn.jbolt.base.JBoltSlf4jLog 44 debug - 
JFinal-4.8 action report -------- 2019-12-30 17:06:59 --------------------------
Url         : GET /admin/supplymanage
Controller  : cn.jbolt._admin.supplymanage.SupplyManageAdminController.(SupplyManageAdminController.java:1)
Method      : index
Interceptor : com.jfinal.ext.interceptor.SessionInViewInterceptor.(SessionInViewInterceptor.java:1)
              cn.jbolt.index.PjaxInterceptor.(PjaxInterceptor.java:1)
              cn.jbolt.index.AjaxPortalInterceptor.(AjaxPortalInterceptor.java:1)
              cn.jbolt._admin.interceptor.AdminAuthInterceptor.(AdminAuthInterceptor.java:1)
Parameter   : t=1577696819577  
--------------------------------------------------------------------------------

[2019-12-30 17:07:15] DEBUG cn.jbolt.base.JBoltSlf4jLog 44 debug - 
JFinal-4.8 action report -------- 2019-12-30 17:07:15 --------------------------
Url         : POST /admin/supplymanage/uploadExcel
Controller  : cn.jbolt._admin.supplymanage.SupplyManageAdminController.(SupplyManageAdminController.java:1)
Method      : uploadExcel
Interceptor : com.jfinal.ext.interceptor.SessionInViewInterceptor.(SessionInViewInterceptor.java:1)
              cn.jbolt.index.PjaxInterceptor.(PjaxInterceptor.java:1)
              cn.jbolt.index.AjaxPortalInterceptor.(AjaxPortalInterceptor.java:1)
              cn.jbolt._admin.interceptor.AdminAuthInterceptor.(AdminAuthInterceptor.java:1)
--------------------------------------------------------------------------------

[2019-12-30 17:07:25] DEBUG cn.jbolt.base.JBoltSlf4jLog 44 debug - 
JFinal-4.8 action report -------- 2019-12-30 17:07:25 --------------------------
Url         : POST /admin/supplymanage/uploadExcel
Controller  : cn.jbolt._admin.supplymanage.SupplyManageAdminController.(SupplyManageAdminController.java:1)
Method      : uploadExcel
Interceptor : com.jfinal.ext.interceptor.SessionInViewInterceptor.(SessionInViewInterceptor.java:1)
              cn.jbolt.index.PjaxInterceptor.(PjaxInterceptor.java:1)
              cn.jbolt.index.AjaxPortalInterceptor.(AjaxPortalInterceptor.java:1)
              cn.jbolt._admin.interceptor.AdminAuthInterceptor.(AdminAuthInterceptor.java:1)
--------------------------------------------------------------------------------

[2019-12-30 17:09:31] DEBUG cn.jbolt.base.JBoltSlf4jLog 44 debug - 
JFinal-4.8 action report -------- 2019-12-30 17:09:31 --------------------------
Url         : POST /admin/supplymanage/uploadExcel
Controller  : cn.jbolt._admin.supplymanage.SupplyManageAdminController.(SupplyManageAdminController.java:1)
Method      : uploadExcel
Interceptor : com.jfinal.ext.interceptor.SessionInViewInterceptor.(SessionInViewInterceptor.java:1)
              cn.jbolt.index.PjaxInterceptor.(PjaxInterceptor.java:1)
              cn.jbolt.index.AjaxPortalInterceptor.(AjaxPortalInterceptor.java:1)
              cn.jbolt._admin.interceptor.AdminAuthInterceptor.(AdminAuthInterceptor.java:1)
--------------------------------------------------------------------------------

[2019-12-30 17:11:04] DEBUG cn.jbolt.base.JBoltSlf4jLog 44 debug - 
JFinal-4.8 action report -------- 2019-12-30 17:11:04 --------------------------
Url         : POST /admin/supplymanage/uploadExcel
Controller  : cn.jbolt._admin.supplymanage.SupplyManageAdminController.(SupplyManageAdminController.java:1)
Method      : uploadExcel
Interceptor : com.jfinal.ext.interceptor.SessionInViewInterceptor.(SessionInViewInterceptor.java:1)
              cn.jbolt.index.PjaxInterceptor.(PjaxInterceptor.java:1)
              cn.jbolt.index.AjaxPortalInterceptor.(AjaxPortalInterceptor.java:1)
              cn.jbolt._admin.interceptor.AdminAuthInterceptor.(AdminAuthInterceptor.java:1)
--------------------------------------------------------------------------------

[2019-12-30 17:11:27] DEBUG cn.jbolt.base.JBoltSlf4jLog 44 debug - 
JFinal-4.8 action report -------- 2019-12-30 17:11:27 --------------------------
Url         : POST /admin/supplymanage/uploadExcel
Controller  : cn.jbolt._admin.supplymanage.SupplyManageAdminController.(SupplyManageAdminController.java:1)
Method      : uploadExcel
Interceptor : com.jfinal.ext.interceptor.SessionInViewInterceptor.(SessionInViewInterceptor.java:1)
              cn.jbolt.index.PjaxInterceptor.(PjaxInterceptor.java:1)
              cn.jbolt.index.AjaxPortalInterceptor.(AjaxPortalInterceptor.java:1)
              cn.jbolt._admin.interceptor.AdminAuthInterceptor.(AdminAuthInterceptor.java:1)
--------------------------------------------------------------------------------

